d:\uni\foundations of ai\blocksworld-tile-puzzle\blocksworld\debug\vc140.pdb
d:\uni\foundations of ai\blocksworld-tile-puzzle\blocksworld\debug\vc140.idb
d:\uni\foundations of ai\blocksworld-tile-puzzle\blocksworld\debug\breadthfirstsearch.obj
d:\uni\foundations of ai\blocksworld-tile-puzzle\blocksworld\debug\depthfirstsearch.obj
d:\uni\foundations of ai\blocksworld-tile-puzzle\blocksworld\debug\main.obj
d:\uni\foundations of ai\blocksworld-tile-puzzle\blocksworld\debug\searchalgorithm.obj
d:\uni\foundations of ai\blocksworld-tile-puzzle\blocksworld\debug\state.obj
d:\uni\foundations of ai\blocksworld-tile-puzzle\blocksworld\debug\iterativedeepeningsearch.obj
d:\uni\foundations of ai\blocksworld-tile-puzzle\blocksworld\debug\starstate.obj
d:\uni\foundations of ai\blocksworld-tile-puzzle\blocksworld\debug\astarsearch.obj
d:\uni\foundations of ai\blocksworld-tile-puzzle\blocksworld\debug\blindsearchalgorithm.obj
d:\uni\foundations of ai\blocksworld-tile-puzzle\blocksworld\debug\blocksworld.ilk
d:\uni\foundations of ai\blocksworld-tile-puzzle\blocksworld\debug\blocksworld.exe
d:\uni\foundations of ai\blocksworld-tile-puzzle\blocksworld\debug\blocksworld.pdb
d:\uni\foundations of ai\blocksworld-tile-puzzle\blocksworld\debug\blocksworld.tlog\cl.command.1.tlog
d:\uni\foundations of ai\blocksworld-tile-puzzle\blocksworld\debug\blocksworld.tlog\cl.read.1.tlog
d:\uni\foundations of ai\blocksworld-tile-puzzle\blocksworld\debug\blocksworld.tlog\cl.write.1.tlog
d:\uni\foundations of ai\blocksworld-tile-puzzle\blocksworld\debug\blocksworld.tlog\link-cvtres.read.1.tlog
d:\uni\foundations of ai\blocksworld-tile-puzzle\blocksworld\debug\blocksworld.tlog\link-cvtres.write.1.tlog
d:\uni\foundations of ai\blocksworld-tile-puzzle\blocksworld\debug\blocksworld.tlog\link-rc.read.1.tlog
d:\uni\foundations of ai\blocksworld-tile-puzzle\blocksworld\debug\blocksworld.tlog\link-rc.write.1.tlog
d:\uni\foundations of ai\blocksworld-tile-puzzle\blocksworld\debug\blocksworld.tlog\link.9832-cvtres.read.1.tlog
d:\uni\foundations of ai\blocksworld-tile-puzzle\blocksworld\debug\blocksworld.tlog\link.9832-cvtres.write.1.tlog
d:\uni\foundations of ai\blocksworld-tile-puzzle\blocksworld\debug\blocksworld.tlog\link.9832-rc.read.1.tlog
d:\uni\foundations of ai\blocksworld-tile-puzzle\blocksworld\debug\blocksworld.tlog\link.9832-rc.write.1.tlog
d:\uni\foundations of ai\blocksworld-tile-puzzle\blocksworld\debug\blocksworld.tlog\link.9832.read.1.tlog
d:\uni\foundations of ai\blocksworld-tile-puzzle\blocksworld\debug\blocksworld.tlog\link.9832.write.1.tlog
d:\uni\foundations of ai\blocksworld-tile-puzzle\blocksworld\debug\blocksworld.tlog\link.command.1.tlog
d:\uni\foundations of ai\blocksworld-tile-puzzle\blocksworld\debug\blocksworld.tlog\link.read.1.tlog
d:\uni\foundations of ai\blocksworld-tile-puzzle\blocksworld\debug\blocksworld.tlog\link.write.1.tlog
